生成启动时间为 2023/2/23 17:41:06。
     1>项目“d:\360movedata\Users\18107\documents\visual studio 2010\Projects\单链表\单链表\单链表.vcxproj”在节点 2 上(build 个目标)。
     1>InitializeBuildStatus:
         正在创建“Debug\单链表.unsuccessfulbuild”，因为已指定“AlwaysCreate”。
       ClCompile:
         D:\c语言\VC\bin\CL.exe /c /ZI /nologo /W3 /WX- /Od /Oy- /D _UNICODE /D UNICODE /Gm /EHsc /RTC1 /MDd /GS /fp:precise /Zc:wchar_t /Zc:forScope /Fo"Debug\\" /Fd"Debug\vc100.pdb" /Gd /TC /analyze- /errorReport:prompt test.c
         test.c
       Link:
         D:\c语言\VC\bin\link.exe /ERRORREPORT:PROMPT /OUT:"d:\360movedata\users\18107\documents\visual studio 2010\Projects\单链表\Debug\单链表.exe" /NOLOGO kernel32.lib user32.lib gdi32.lib winspool.lib comdlg32.lib advapi32.lib shell32.lib ole32.lib oleaut32.lib uuid.lib odbc32.lib odbccp32.lib /MANIFEST /ManifestFile:"Debug\单链表.exe.intermediate.manifest" /MANIFESTUAC:"level='asInvoker' uiAccess='false'" /DEBUG /PDB:"d:\360movedata\users\18107\documents\visual studio 2010\Projects\单链表\Debug\单链表.pdb" /SUBSYSTEM:CONSOLE /TLBID:1 /DYNAMICBASE /NXCOMPAT /IMPLIB:"d:\360movedata\users\18107\documents\visual studio 2010\Projects\单链表\Debug\单链表.lib" /MACHINE:X86 Debug\SList.obj
         Debug\test.obj
         LINK : 没有找到 d:\360movedata\users\18107\documents\visual studio 2010\Projects\单链表\Debug\单链表.exe 或上一个增量链接没有生成它；正在执行完全链接
         单链表.vcxproj -> d:\360movedata\users\18107\documents\visual studio 2010\Projects\单链表\Debug\单链表.exe
       Manifest:
         C:\Program Files (x86)\Microsoft SDKs\Windows\v7.0A\bin\mt.exe /nologo /verbose /outputresource:"d:\360movedata\users\18107\documents\visual studio 2010\Projects\单链表\Debug\单链表.exe;#1" /manifest "Debug\单链表.exe.intermediate.manifest"
       FinalizeBuildStatus:
         正在删除文件“Debug\单链表.unsuccessfulbuild”。
         正在对“Debug\单链表.lastbuildstate”执行 Touch 任务。
     1>已完成生成项目“d:\360movedata\Users\18107\documents\visual studio 2010\Projects\单链表\单链表\单链表.vcxproj”(build 个目标)的操作。

生成成功。

已用时间 00:00:00.58
